#
# There is insufficient memory for the Java Runtime Environment to continue.
# Native memory allocation (malloc) failed to allocate 1048576 bytes for AllocateHeap
# Possible reasons:
#   The system is out of physical RAM or swap space
#   In 32 bit mode, the process size limit was hit
# Possible solutions:
#   Reduce memory load on the system
#   Increase physical memory or swap space
#   Check if swap backing store is full
#   Use 64 bit Java on a 64 bit OS
#   Decrease Java heap size (-Xmx/-Xms)
#   Decrease number of Java threads
#   Decrease Java thread stack sizes (-Xss)
#   Set larger code cache with -XX:ReservedCodeCacheSize=
# This output file may be truncated or incomplete.
#
#  Out of Memory Error (memory/allocation.inline.hpp:61), pid=77148, tid=0x000000000000a9a4
#
# JRE version:  (8.0_131-b11) (build )
# Java VM: Java HotSpot(TM) 64-Bit Server VM (25.131-b11 mixed mode windows-amd64 compressed oops)
# Failed to write core dump. Minidumps are not enabled by default on client versions of Windows
#

---------------  T H R E A D  ---------------

Current thread (0x0000000002f21000):  JavaThread "Unknown thread" [_thread_in_vm, id=43428, stack(0x0000000002e20000,0x0000000002f20000)]

Stack: [0x0000000002e20000,0x0000000002f20000]
[error occurred during error reporting (printing stack bounds), id 0xc0000005]

Native frames: (J=compiled Java code, j=interpreted, Vv=VM code, C=native code)


---------------  P R O C E S S  ---------------

Java Threads: ( => current thread )

Other Threads:

=>0x0000000002f21000 (exited) JavaThread "Unknown thread" [_thread_in_vm, id=43428, stack(0x0000000002e20000,0x0000000002f20000)]

VM state:not at safepoint (normal execution)

VM Mutex/Monitor currently owned by a thread: None

Heap:
 PSYoungGen      total 38400K, used 665K [0x00000000eab00000, 0x00000000ed580000, 0x0000000100000000)
  eden space 33280K, 2% used [0x00000000eab00000,0x00000000eaba6670,0x00000000ecb80000)
  from space 5120K, 0% used [0x00000000ed080000,0x00000000ed080000,0x00000000ed580000)
  to   space 5120K, 0% used [0x00000000ecb80000,0x00000000ecb80000,0x00000000ed080000)
 ParOldGen       total 87552K, used 0K [0x00000000c0000000, 0x00000000c5580000, 0x00000000eab00000)
  object space 87552K, 0% used [0x00000000c0000000,0x00000000c0000000,0x00000000c5580000)
 Metaspace       used 770K, capacity 4480K, committed 4480K, reserved 1056768K
  class space    used 75K, capacity 384K, committed 384K, reserved 1048576K

Card table byte_map: [0x00000000123e0000,0x00000000125f0000] byte_map_base: 0x0000000011de0000

Marking Bits: (ParMarkBitMap*) 0x000000005be3c720
 Begin Bits: [0x0000000012f50000, 0x0000000013f50000)
 End Bits:   [0x0000000013f50000, 0x0000000014f50000)

Polling page: 0x00000000029e0000

CodeCache: size=245760Kb used=328Kb max_used=328Kb free=245431Kb
 bounds [0x0000000003020000, 0x0000000003290000, 0x0000000012020000]
 total_blobs=58 nmethods=0 adapters=38
 compilation: enabled

Compilation events (0 events):
No events

GC Heap History (0 events):
No events

Deoptimization events (0 events):
No events

Internal exceptions (0 events):
No events

Events (10 events):
Event: 0.029 loading class java/lang/Short
Event: 0.029 loading class java/lang/Short done
Event: 0.029 loading class java/lang/Integer
Event: 0.029 loading class java/lang/Integer done
Event: 0.029 loading class java/lang/Long
Event: 0.029 loading class java/lang/Long done
Event: 0.031 loading class java/lang/NullPointerException
Event: 0.031 loading class java/lang/NullPointerException done
Event: 0.031 loading class java/lang/ArithmeticException
Event: 0.031 loading class java/lang/ArithmeticException done


Dynamic libraries:
0x00007ff6e3e10000 - 0x00007ff6e3e47000 	C:\Program Files\Java\jdk1.8.0_131\bin\java.exe
0x00007ffe9b090000 - 0x00007ffe9b271000 	C:\WINDOWS\SYSTEM32\ntdll.dll
0x00007ffe9aec0000 - 0x00007ffe9af72000 	C:\WINDOWS\System32\KERNEL32.DLL
0x00007ffe978b0000 - 0x00007ffe97b23000 	C:\WINDOWS\System32\KERNELBASE.dll
0x00007ffe9a030000 - 0x00007ffe9a0d1000 	C:\WINDOWS\System32\ADVAPI32.dll
0x00007ffe9ac10000 - 0x00007ffe9acae000 	C:\WINDOWS\System32\msvcrt.dll
0x00007ffe99f60000 - 0x00007ffe99fbb000 	C:\WINDOWS\System32\sechost.dll
0x00007ffe99cd0000 - 0x00007ffe99df4000 	C:\WINDOWS\System32\RPCRT4.dll
0x00007ffe98530000 - 0x00007ffe986c0000 	C:\WINDOWS\System32\USER32.dll
0x00007ffe98480000 - 0x00007ffe984a0000 	C:\WINDOWS\System32\win32u.dll
0x00007ffe986c0000 - 0x00007ffe986e8000 	C:\WINDOWS\System32\GDI32.dll
0x00007ffe97b30000 - 0x00007ffe97cc2000 	C:\WINDOWS\System32\gdi32full.dll
0x00007ffe97cd0000 - 0x00007ffe97d6f000 	C:\WINDOWS\System32\msvcp_win.dll
0x00007ffe974b0000 - 0x00007ffe975aa000 	C:\WINDOWS\System32\ucrtbase.dll
0x00007ffe8cdb0000 - 0x00007ffe8d019000 	C:\WINDOWS\WinSxS\amd64_microsoft.windows.common-controls_6595b64144ccf1df_6.0.17134.165_none_fb429645306569ac\COMCTL32.dll
0x00007ffe9a780000 - 0x00007ffe9aaa3000 	C:\WINDOWS\System32\combase.dll
0x00007ffe984a0000 - 0x00007ffe9851a000 	C:\WINDOWS\System32\bcryptPrimitives.dll
0x00007ffe99e00000 - 0x00007ffe99e2d000 	C:\WINDOWS\System32\IMM32.DLL
0x0000000058410000 - 0x00000000584e2000 	C:\Program Files\Java\jdk1.8.0_131\jre\bin\msvcr100.dll
0x000000005b620000 - 0x000000005bebc000 	C:\Program Files\Java\jdk1.8.0_131\jre\bin\server\jvm.dll
0x00007ffe9ae10000 - 0x00007ffe9ae18000 	C:\WINDOWS\System32\PSAPI.DLL
0x00007ffe92100000 - 0x00007ffe92109000 	C:\WINDOWS\SYSTEM32\WSOCK32.dll
0x00007ffe906d0000 - 0x00007ffe906da000 	C:\WINDOWS\SYSTEM32\VERSION.dll
0x00007ffe99fc0000 - 0x00007ffe9a02c000 	C:\WINDOWS\System32\WS2_32.dll
0x00007ffe93f90000 - 0x00007ffe93fb3000 	C:\WINDOWS\SYSTEM32\WINMM.dll
0x00007ffe93ea0000 - 0x00007ffe93eca000 	C:\WINDOWS\SYSTEM32\winmmbase.dll
0x00007ffe97460000 - 0x00007ffe974a9000 	C:\WINDOWS\System32\cfgmgr32.dll
0x000000005c2b0000 - 0x000000005c2bf000 	C:\Program Files\Java\jdk1.8.0_131\jre\bin\verify.dll
0x000000005b510000 - 0x000000005b539000 	C:\Program Files\Java\jdk1.8.0_131\jre\bin\java.dll
0x000000005b4f0000 - 0x000000005b506000 	C:\Program Files\Java\jdk1.8.0_131\jre\bin\zip.dll

VM Arguments:
jvm_args: -Djava.awt.headless=true -Xmx1024M -Dfile.encoding=GBK -Duser.country=CN -Duser.language=zh -Duser.variant 
java_command: com.android.dx.command.Main --dex --force-jumbo --num-threads=4 --multi-dex --output D:\AndroidStudioProjects2\restaurantorder\build\intermediates\transforms\dex\debug\folders\1000\10\internal_impl-24.2.1_8059de62b64c9d0e4dbea0035cdd5de0897f09c0 D:\AndroidStudioProjects2\restaurantorder\build\intermediates\exploded-aar\com.android.support\support-fragment\24.2.1\jars\libs\internal_impl-24.2.1.jar
java_class_path (initial): D:\Android\sdk1\build-tools\24.0.3\lib\dx.jar
Launcher Type: SUN_STANDARD

Environment Variables:
JAVA_HOME=C:\Program Files\Java\jdk1.8.0_131
PATH=C:\ProgramData\Oracle\Java\javapath;C:\Windows\system32;C:\Windows;C:\Windows\System32\Wbem;C:\Windows\System32\WindowsPowerShell\v1.0\;C:\Program Files (x86)\NVIDIA Corporation\PhysX\Common;C:\WINDOWS\system32;C:\WINDOWS;C:\WINDOWS\System32\Wbem;C:\WINDOWS\System32\WindowsPowerShell\v1.0\;C:\WINDOWS\System32\OpenSSH\;C:\Program Files\Git\cmd;C:\Program Files\Git\mingw64\bin;C:\Program Files\Git\usr\bin;C:\Program Files\TortoiseGit\bin;C:\Users\DELL\AppData\Local\Microsoft\WindowsApps;C:\Program Files\Java\jdk1.8.0_131\bin;
USERNAME=DELL
OS=Windows_NT
PROCESSOR_IDENTIFIER=Intel64 Family 6 Model 60 Stepping 3, GenuineIntel



---------------  S Y S T E M  ---------------

OS: Windows 10.0 , 64 bit Build 17134 (10.0.17134.1)

CPU:total 8 (initial active 8) (4 cores per cpu, 2 threads per core) family 6 model 60 stepping 3, cmov, cx8, fxsr, mmx, sse, sse2, sse3, ssse3, sse4.1, sse4.2, popcnt, avx, avx2, aes, clmul, erms, lzcnt, ht, tsc, tscinvbit, bmi1, bmi2

Memory: 4k page, physical 8293704k(1378568k free), swap 13732532k(10328k free)

vm_info: Java HotSpot(TM) 64-Bit Server VM (25.131-b11) for windows-amd64 JRE (1.8.0_131-b11), built on Mar 15 2017 01:23:53 by "java_re" with MS VC++ 10.0 (VS2010)

time: Mon Aug 06 19:27:51 2018
elapsed time: 0 seconds (0d 0h 0m 0s)

